\BOOKMARK [0][-]{section*.2}{Data Compression and Covariance Matrix Inspection: Cosmic Shear}{}% 2
\BOOKMARK [1][-]{section*.1}{Abstract}{section*.2}% 1
\BOOKMARK [1][-]{section*.3}{Introduction}{section*.2}% 3
\BOOKMARK [1][-]{section*.4}{Methods}{section*.2}% 4
\BOOKMARK [2][-]{section*.5}{DES Cosmic Shear: Data and Analysis}{section*.4}% 5
\BOOKMARK [2][-]{section*.6}{Eigenvalues}{section*.4}% 6
\BOOKMARK [2][-]{section*.7}{Signal-to-noise ratio}{section*.4}% 7
\BOOKMARK [2][-]{section*.8}{Tomographic Compression}{section*.4}% 8
\BOOKMARK [2][-]{section*.9}{Linear combinations of the data vector}{section*.4}% 9
\BOOKMARK [1][-]{section*.10}{Comparison of Covariance Matrices}{section*.2}% 10
\BOOKMARK [2][-]{section*.11}{Element-by-element comparison}{section*.10}% 11
\BOOKMARK [2][-]{section*.12}{Compressed Matrices Comparison}{section*.10}% 12
\BOOKMARK [3][-]{section*.13}{Using MOPED}{section*.12}% 13
\BOOKMARK [3][-]{section*.14}{Using map-level compression}{section*.12}% 14
\BOOKMARK [1][-]{section*.15}{Tolerance of the Compressed Matrices}{section*.2}% 15
\BOOKMARK [2][-]{section*.16}{Modifying the elements}{section*.15}% 16
\BOOKMARK [2][-]{section*.17}{Modifying the eigenvalues}{section*.15}% 17
\BOOKMARK [1][-]{section*.18}{Conclusion}{section*.2}% 18
\BOOKMARK [2][-]{section*.19}{Acknowledgments}{section*.18}% 19
\BOOKMARK [1][-]{section*.20}{References}{section*.2}% 20
